@!@!@STARTMSG 2262:0 @!@!@
TLC2 Version 2.14 of 10 July 2019
@!@!@ENDMSG 2262 @!@!@
@!@!@STARTMSG 2187:0 @!@!@
Running breadth-first search Model-Checking with fp 26 and seed -5645800146833444866 with 4 workers on 8 cores with 2375MB heap and 5341MB offheap memory [pid: 6907] (Linux 4.4.0-142-generic amd64, AdoptOpenJDK 11.0.3 x86_64, OffHeapDiskFPSet, DiskStateQueue).
@!@!@ENDMSG 2187 @!@!@
@!@!@STARTMSG 2220:0 @!@!@
Starting SANY...
@!@!@ENDMSG 2220 @!@!@
Parsing file /home/student/3rdYearUniWork/KF6009/Week_2/Buildings.toolbox/Model_1/MC.tla
Parsing file /home/student/3rdYearUniWork/KF6009/Week_2/Buildings.toolbox/Model_1/Buildings.tla
Parsing file /home/student/.local/packages/toolbox/plugins/org.lamport.tlatools_1.0.0.201907102009/tla2sany/StandardModules/TLC.tla
Parsing file /home/student/.local/packages/toolbox/plugins/org.lamport.tlatools_1.0.0.201907102009/tla2sany/StandardModules/Naturals.tla
Parsing file /home/student/.local/packages/toolbox/plugins/org.lamport.tlatools_1.0.0.201907102009/tla2sany/StandardModules/Sequences.tla
Parsing file /home/student/.local/packages/toolbox/plugins/org.lamport.tlatools_1.0.0.201907102009/tla2sany/StandardModules/FiniteSets.tla
Semantic processing of module Buildings
Semantic processing of module Naturals
Semantic processing of module Sequences
Semantic processing of module FiniteSets
Semantic processing of module TLC
Semantic processing of module MC
@!@!@STARTMSG 2219:0 @!@!@
SANY finished.
@!@!@ENDMSG 2219 @!@!@
@!@!@STARTMSG 2185:0 @!@!@
Starting... (2019-10-08 13:21:36)
@!@!@ENDMSG 2185 @!@!@
@!@!@STARTMSG 2189:0 @!@!@
Computing initial states...
@!@!@ENDMSG 2189 @!@!@
@!@!@STARTMSG 2102:1 @!@!@
Attempted to check if 
{}
which is not a TLC function value, is in the set of functions:
{<< >>}
While working on the initial state:
/\ location = {}
/\ register = {}
/\ permission = {}

@!@!@ENDMSG 2102 @!@!@
@!@!@STARTMSG 2147:1 @!@!@
TLC was unable to fingerprint.

Fingerprint Stack Trace:
0) line 19, col 23 to line 19, col 52 of module Buildings

Reason:
Attempted to check if 
{}
which is not a TLC function value, is in the set of functions:
{<< >>}
@!@!@ENDMSG 2147 @!@!@
@!@!@STARTMSG 2201:0 @!@!@
The coverage statistics at 2019-10-08 13:21:37
@!@!@ENDMSG 2201 @!@!@
@!@!@STARTMSG 2773:0 @!@!@
<Init line 23, col 1 to line 23, col 4 of module Buildings>: 2:2
@!@!@ENDMSG 2773 @!@!@
@!@!@STARTMSG 2221:0 @!@!@
  line 24, col 5 to line 26, col 22 of module Buildings: 2
@!@!@ENDMSG 2221 @!@!@
@!@!@STARTMSG 2772:0 @!@!@
<Register line 28, col 1 to line 28, col 11 of module Buildings>: 0:0
@!@!@ENDMSG 2772 @!@!@
@!@!@STARTMSG 2221:0 @!@!@
  line 30, col 8 to line 30, col 38 of module Buildings: 0
@!@!@ENDMSG 2221 @!@!@
@!@!@STARTMSG 2221:0 @!@!@
  line 31, col 8 to line 36, col 9 of module Buildings: 0
@!@!@ENDMSG 2221 @!@!@
@!@!@STARTMSG 2221:0 @!@!@
  line 37, col 8 to line 42, col 9 of module Buildings: 0
@!@!@ENDMSG 2221 @!@!@
@!@!@STARTMSG 2772:0 @!@!@
<Enter line 44, col 1 to line 44, col 10 of module Buildings>: 0:0
@!@!@ENDMSG 2772 @!@!@
@!@!@STARTMSG 2221:0 @!@!@
  line 47, col 8 to line 47, col 45 of module Buildings: 0
@!@!@ENDMSG 2221 @!@!@
@!@!@STARTMSG 2221:0 @!@!@
  line 48, col 8 to line 48, col 25 of module Buildings: 0
@!@!@ENDMSG 2221 @!@!@
@!@!@STARTMSG 2221:0 @!@!@
  line 49, col 8 to line 49, col 27 of module Buildings: 0
@!@!@ENDMSG 2221 @!@!@
@!@!@STARTMSG 2772:0 @!@!@
<Leave line 52, col 1 to line 52, col 10 of module Buildings>: 0:0
@!@!@ENDMSG 2772 @!@!@
@!@!@STARTMSG 2221:0 @!@!@
  line 55, col 8 to line 55, col 51 of module Buildings: 0
@!@!@ENDMSG 2221 @!@!@
@!@!@STARTMSG 2221:0 @!@!@
  line 56, col 8 to line 56, col 40 of module Buildings: 0
@!@!@ENDMSG 2221 @!@!@
@!@!@STARTMSG 2774:0 @!@!@
<TypeOK line 17, col 1 to line 17, col 6 of module Buildings>
@!@!@ENDMSG 2774 @!@!@
@!@!@STARTMSG 2221:0 @!@!@
  line 18, col 5 to line 20, col 62 of module Buildings: 2
@!@!@ENDMSG 2221 @!@!@
@!@!@STARTMSG 2202:0 @!@!@
End of statistics.
@!@!@ENDMSG 2202 @!@!@
@!@!@STARTMSG 2200:0 @!@!@
Progress(1) at 2019-10-08 13:21:37: 1 states generated (75 s/min), 1 distinct states found (75 ds/min), 1 states left on queue.
@!@!@ENDMSG 2200 @!@!@
@!@!@STARTMSG 2199:0 @!@!@
1 states generated, 1 distinct states found, 1 states left on queue.
@!@!@ENDMSG 2199 @!@!@
@!@!@STARTMSG 2186:0 @!@!@
Finished in 793ms at (2019-10-08 13:21:37)
@!@!@ENDMSG 2186 @!@!@
