@!@!@STARTMSG 2262:0 @!@!@
TLC2 Version 2.14 of 10 July 2019
@!@!@ENDMSG 2262 @!@!@
@!@!@STARTMSG 2187:0 @!@!@
Running breadth-first search Model-Checking with fp 109 and seed -8028745599444186698 with 4 workers on 8 cores with 2375MB heap and 5341MB offheap memory [pid: 5515] (Linux 4.4.0-142-generic amd64, AdoptOpenJDK 11.0.3 x86_64, OffHeapDiskFPSet, DiskStateQueue).
@!@!@ENDMSG 2187 @!@!@
@!@!@STARTMSG 2220:0 @!@!@
Starting SANY...
@!@!@ENDMSG 2220 @!@!@
Parsing file /home/student/3rdYearUniWork/KF6009/Week_3/DieHard.toolbox/Model_1/MC.tla
Parsing file /home/student/3rdYearUniWork/KF6009/Week_3/DieHard.toolbox/Model_1/DieHard.tla
Parsing file /home/student/.local/packages/toolbox/plugins/org.lamport.tlatools_1.0.0.201907102009/tla2sany/StandardModules/TLC.tla
Parsing file /home/student/.local/packages/toolbox/plugins/org.lamport.tlatools_1.0.0.201907102009/tla2sany/StandardModules/Integers.tla
Parsing file /home/student/.local/packages/toolbox/plugins/org.lamport.tlatools_1.0.0.201907102009/tla2sany/StandardModules/Naturals.tla
Parsing file /home/student/.local/packages/toolbox/plugins/org.lamport.tlatools_1.0.0.201907102009/tla2sany/StandardModules/Sequences.tla
Parsing file /home/student/.local/packages/toolbox/plugins/org.lamport.tlatools_1.0.0.201907102009/tla2sany/StandardModules/FiniteSets.tla
Semantic processing of module Naturals
Semantic processing of module Integers
Semantic processing of module DieHard
Semantic processing of module Sequences
Semantic processing of module FiniteSets
Semantic processing of module TLC
Semantic processing of module MC
@!@!@STARTMSG 2219:0 @!@!@
SANY finished.
@!@!@ENDMSG 2219 @!@!@
@!@!@STARTMSG 2185:0 @!@!@
Starting... (2019-10-15 13:08:02)
@!@!@ENDMSG 2185 @!@!@
@!@!@STARTMSG 2189:0 @!@!@
Computing initial states...
@!@!@ENDMSG 2189 @!@!@
@!@!@STARTMSG 2107:1 @!@!@
Invariant Type is violated by the initial state:
/\ big = 0
/\ small = 0

@!@!@ENDMSG 2107 @!@!@
@!@!@STARTMSG 2186:0 @!@!@
Finished in 822ms at (2019-10-15 13:08:03)
@!@!@ENDMSG 2186 @!@!@
